2014-03-05 11:27:47,854 INFO [org.jasig.cas.services.DefaultServicesManagerImpl] - Loaded 1 services.
2014-03-05 11:27:49,027 INFO [org.jasig.cas.util.AutowiringSchedulerFactoryBean] - Starting Quartz Scheduler now
2014-03-05 11:28:08,473 INFO [org.jasig.cas.ticket.registry.support.DefaultTicketRegistryCleaner] - Beginning ticket cleanup.
2014-03-05 11:28:08,495 INFO [org.jasig.cas.ticket.registry.support.DefaultTicketRegistryCleaner] - 0 tickets found to be removed.
2014-03-05 11:28:08,495 INFO [org.jasig.cas.ticket.registry.support.DefaultTicketRegistryCleaner] - Finished ticket cleanup.
2014-03-05 11:28:11,644 INFO [org.jasig.cas.web.flow.InitialFlowSetupAction] - Setting path for cookies to: /chapter15-server/
2014-03-05 11:28:11,644 INFO [org.jasig.cas.web.flow.InitialFlowSetupAction] - Setting path for cookies to: /chapter15-server/
2014-03-05 11:28:26,227 INFO [org.jasig.cas.authentication.PolicyBasedAuthenticationManager] - AcceptUsersAuthenticationHandler successfully authenticated wang+password
2014-03-05 11:28:26,237 INFO [org.jasig.cas.authentication.PolicyBasedAuthenticationManager] - Authenticated wang with credentials [wang+password].
2014-03-05 11:28:26,251 INFO [com.github.inspektr.audit.support.Slf4jLoggingAuditTrailManager] - Audit trail record BEGIN
=============================================================
WHO: audit:unknown
WHAT: supplied credentials: [wang+password]
ACTION: AUTHENTICATION_SUCCESS
APPLICATION: CAS
WHEN: Wed Mar 05 11:28:26 CST 2014
CLIENT IP ADDRESS: 0:0:0:0:0:0:0:1%0
SERVER IP ADDRESS: 0:0:0:0:0:0:0:1%0
=============================================================


2014-03-05 11:28:26,253 INFO [com.github.inspektr.audit.support.Slf4jLoggingAuditTrailManager] - Audit trail record BEGIN
=============================================================
WHO: audit:unknown
WHAT: TGT-1-CHGBMlmgJxf4AirmAEj525fvDJVxVWBw2Z1S9UYUXc6gdQGZKS-cas01.example.org
ACTION: TICKET_GRANTING_TICKET_CREATED
APPLICATION: CAS
WHEN: Wed Mar 05 11:28:26 CST 2014
CLIENT IP ADDRESS: 0:0:0:0:0:0:0:1%0
SERVER IP ADDRESS: 0:0:0:0:0:0:0:1%0
=============================================================


2014-03-05 11:28:26,257 INFO [org.jasig.cas.CentralAuthenticationServiceImpl] - Granted service ticket [ST-1-HAaWpjieeHs61KuQKHs3-cas01.example.org] for service [https://localhost:9443/chapter15-client/cas] for user [wang]
2014-03-05 11:28:26,258 INFO [com.github.inspektr.audit.support.Slf4jLoggingAuditTrailManager] - Audit trail record BEGIN
=============================================================
WHO: wang
WHAT: ST-1-HAaWpjieeHs61KuQKHs3-cas01.example.org for https://localhost:9443/chapter15-client/cas
ACTION: SERVICE_TICKET_CREATED
APPLICATION: CAS
WHEN: Wed Mar 05 11:28:26 CST 2014
CLIENT IP ADDRESS: 0:0:0:0:0:0:0:1%0
SERVER IP ADDRESS: 0:0:0:0:0:0:0:1%0
=============================================================


2014-03-05 11:29:47,982 INFO [org.jasig.cas.services.DefaultServicesManagerImpl] - Reloading registered services.
2014-03-05 11:29:47,991 INFO [org.jasig.cas.services.DefaultServicesManagerImpl] - Loaded 1 services.
2014-03-05 11:31:47,981 INFO [org.jasig.cas.services.DefaultServicesManagerImpl] - Reloading registered services.
2014-03-05 11:31:48,014 INFO [org.jasig.cas.services.DefaultServicesManagerImpl] - Loaded 1 services.
2014-03-05 11:33:47,981 INFO [org.jasig.cas.services.DefaultServicesManagerImpl] - Reloading registered services.
2014-03-05 11:33:48,078 INFO [org.jasig.cas.services.DefaultServicesManagerImpl] - Loaded 1 services.
2014-03-05 11:33:55,610 INFO [org.jasig.cas.authentication.PolicyBasedAuthenticationManager] - AcceptUsersAuthenticationHandler successfully authenticated wang+password
2014-03-05 11:33:55,628 INFO [org.jasig.cas.authentication.PolicyBasedAuthenticationManager] - Authenticated wang with credentials [wang+password].
2014-03-05 11:33:55,628 INFO [com.github.inspektr.audit.support.Slf4jLoggingAuditTrailManager] - Audit trail record BEGIN
=============================================================
WHO: audit:unknown
WHAT: supplied credentials: [wang+password]
ACTION: AUTHENTICATION_SUCCESS
APPLICATION: CAS
WHEN: Wed Mar 05 11:33:55 CST 2014
CLIENT IP ADDRESS: 0:0:0:0:0:0:0:1%0
SERVER IP ADDRESS: 0:0:0:0:0:0:0:1%0
=============================================================


2014-03-05 11:33:55,643 INFO [com.github.inspektr.audit.support.Slf4jLoggingAuditTrailManager] - Audit trail record BEGIN
=============================================================
WHO: audit:unknown
WHAT: TGT-2-eey7bTfueccCcykne1BcfENnyOhKFicozr15Rnq4PgLGfF6fvm-cas01.example.org
ACTION: TICKET_GRANTING_TICKET_CREATED
APPLICATION: CAS
WHEN: Wed Mar 05 11:33:55 CST 2014
CLIENT IP ADDRESS: 0:0:0:0:0:0:0:1%0
SERVER IP ADDRESS: 0:0:0:0:0:0:0:1%0
=============================================================


2014-03-05 11:33:55,645 INFO [org.jasig.cas.CentralAuthenticationServiceImpl] - Granted service ticket [ST-2-gHjUkbRKMjnMUquMXgdU-cas01.example.org] for service [https://localhost:9443/chapter15-client/cas] for user [wang]
2014-03-05 11:33:55,645 INFO [com.github.inspektr.audit.support.Slf4jLoggingAuditTrailManager] - Audit trail record BEGIN
=============================================================
WHO: wang
WHAT: ST-2-gHjUkbRKMjnMUquMXgdU-cas01.example.org for https://localhost:9443/chapter15-client/cas
ACTION: SERVICE_TICKET_CREATED
APPLICATION: CAS
WHEN: Wed Mar 05 11:33:55 CST 2014
CLIENT IP ADDRESS: 0:0:0:0:0:0:0:1%0
SERVER IP ADDRESS: 0:0:0:0:0:0:0:1%0
=============================================================


2014-03-05 11:35:47,981 INFO [org.jasig.cas.services.DefaultServicesManagerImpl] - Reloading registered services.
2014-03-05 11:35:47,992 INFO [org.jasig.cas.services.DefaultServicesManagerImpl] - Loaded 1 services.
2014-03-05 11:37:47,982 INFO [org.jasig.cas.services.DefaultServicesManagerImpl] - Reloading registered services.
2014-03-05 11:37:47,982 INFO [org.jasig.cas.services.DefaultServicesManagerImpl] - Loaded 1 services.
2014-03-05 11:39:47,981 INFO [org.jasig.cas.services.DefaultServicesManagerImpl] - Reloading registered services.
2014-03-05 11:39:47,982 INFO [org.jasig.cas.services.DefaultServicesManagerImpl] - Loaded 1 services.
2014-03-05 11:40:08,779 INFO [org.jasig.cas.util.AutowiringSchedulerFactoryBean] - Shutting down Quartz Scheduler
2014-03-05 11:43:24,303 INFO [org.jasig.cas.services.DefaultServicesManagerImpl] - Loaded 1 services.
2014-03-05 11:43:25,570 INFO [org.jasig.cas.util.AutowiringSchedulerFactoryBean] - Starting Quartz Scheduler now
2014-03-05 11:43:44,978 INFO [org.jasig.cas.ticket.registry.support.DefaultTicketRegistryCleaner] - Beginning ticket cleanup.
2014-03-05 11:43:44,980 INFO [org.jasig.cas.ticket.registry.support.DefaultTicketRegistryCleaner] - 0 tickets found to be removed.
2014-03-05 11:43:44,980 INFO [org.jasig.cas.ticket.registry.support.DefaultTicketRegistryCleaner] - Finished ticket cleanup.
2014-03-05 11:45:24,461 INFO [org.jasig.cas.services.DefaultServicesManagerImpl] - Reloading registered services.
2014-03-05 11:45:24,471 INFO [org.jasig.cas.services.DefaultServicesManagerImpl] - Loaded 1 services.
2014-03-05 11:46:38,561 INFO [org.jasig.cas.web.flow.InitialFlowSetupAction] - Setting path for cookies to: /chapter15-server/
2014-03-05 11:46:38,561 INFO [org.jasig.cas.web.flow.InitialFlowSetupAction] - Setting path for cookies to: /chapter15-server/
2014-03-05 11:46:55,249 INFO [org.jasig.cas.authentication.PolicyBasedAuthenticationManager] - AcceptUsersAuthenticationHandler successfully authenticated wang+password
2014-03-05 11:46:55,250 INFO [org.jasig.cas.authentication.PolicyBasedAuthenticationManager] - Authenticated wang with credentials [wang+password].
2014-03-05 11:46:55,253 INFO [com.github.inspektr.audit.support.Slf4jLoggingAuditTrailManager] - Audit trail record BEGIN
=============================================================
WHO: audit:unknown
WHAT: supplied credentials: [wang+password]
ACTION: AUTHENTICATION_SUCCESS
APPLICATION: CAS
WHEN: Wed Mar 05 11:46:55 CST 2014
CLIENT IP ADDRESS: 0:0:0:0:0:0:0:1%0
SERVER IP ADDRESS: 0:0:0:0:0:0:0:1%0
=============================================================


2014-03-05 11:46:55,255 INFO [com.github.inspektr.audit.support.Slf4jLoggingAuditTrailManager] - Audit trail record BEGIN
=============================================================
WHO: audit:unknown
WHAT: TGT-1-UiqSEgkzdqlE2TV2jHGAyllW4DFxWtJ6nFwqf9yeO75Sdvzhf9-cas01.example.org
ACTION: TICKET_GRANTING_TICKET_CREATED
APPLICATION: CAS
WHEN: Wed Mar 05 11:46:55 CST 2014
CLIENT IP ADDRESS: 0:0:0:0:0:0:0:1%0
SERVER IP ADDRESS: 0:0:0:0:0:0:0:1%0
=============================================================


2014-03-05 11:47:24,444 INFO [org.jasig.cas.services.DefaultServicesManagerImpl] - Reloading registered services.
2014-03-05 11:47:24,460 INFO [org.jasig.cas.services.DefaultServicesManagerImpl] - Loaded 1 services.
2014-03-05 11:47:30,808 INFO [com.github.inspektr.audit.support.Slf4jLoggingAuditTrailManager] - Audit trail record BEGIN
=============================================================
WHO: audit:unknown
WHAT: TGT-2-eey7bTfueccCcykne1BcfENnyOhKFicozr15Rnq4PgLGfF6fvm-cas01.example.org
ACTION: TICKET_GRANTING_TICKET_DESTROYED
APPLICATION: CAS
WHEN: Wed Mar 05 11:47:30 CST 2014
CLIENT IP ADDRESS: 0:0:0:0:0:0:0:1%0
SERVER IP ADDRESS: 0:0:0:0:0:0:0:1%0
=============================================================


2014-03-05 11:47:37,981 INFO [org.jasig.cas.authentication.PolicyBasedAuthenticationManager] - AcceptUsersAuthenticationHandler successfully authenticated wang+password
2014-03-05 11:47:37,981 INFO [org.jasig.cas.authentication.PolicyBasedAuthenticationManager] - Authenticated wang with credentials [wang+password].
2014-03-05 11:47:37,981 INFO [com.github.inspektr.audit.support.Slf4jLoggingAuditTrailManager] - Audit trail record BEGIN
=============================================================
WHO: audit:unknown
WHAT: supplied credentials: [wang+password]
ACTION: AUTHENTICATION_SUCCESS
APPLICATION: CAS
WHEN: Wed Mar 05 11:47:37 CST 2014
CLIENT IP ADDRESS: 0:0:0:0:0:0:0:1%0
SERVER IP ADDRESS: 0:0:0:0:0:0:0:1%0
=============================================================


2014-03-05 11:47:37,981 INFO [com.github.inspektr.audit.support.Slf4jLoggingAuditTrailManager] - Audit trail record BEGIN
=============================================================
WHO: audit:unknown
WHAT: TGT-2-AFlOLJj3awNAgY3AmVzhchvdPAlVXB4ek7pJjwhQxgkbegRWzO-cas01.example.org
ACTION: TICKET_GRANTING_TICKET_CREATED
APPLICATION: CAS
WHEN: Wed Mar 05 11:47:37 CST 2014
CLIENT IP ADDRESS: 0:0:0:0:0:0:0:1%0
SERVER IP ADDRESS: 0:0:0:0:0:0:0:1%0
=============================================================


2014-03-05 11:47:37,982 INFO [com.github.inspektr.audit.support.Slf4jLoggingAuditTrailManager] - Audit trail record BEGIN
=============================================================
WHO: audit:unknown
WHAT: TGT-2-eey7bTfueccCcykne1BcfENnyOhKFicozr15Rnq4PgLGfF6fvm-cas01.example.org
ACTION: TICKET_GRANTING_TICKET_DESTROYED
APPLICATION: CAS
WHEN: Wed Mar 05 11:47:37 CST 2014
CLIENT IP ADDRESS: 0:0:0:0:0:0:0:1%0
SERVER IP ADDRESS: 0:0:0:0:0:0:0:1%0
=============================================================


2014-03-05 11:47:57,237 INFO [com.github.inspektr.audit.support.Slf4jLoggingAuditTrailManager] - Audit trail record BEGIN
=============================================================
WHO: audit:unknown
WHAT: TGT-2-AFlOLJj3awNAgY3AmVzhchvdPAlVXB4ek7pJjwhQxgkbegRWzO-cas01.example.org
ACTION: TICKET_GRANTING_TICKET_DESTROYED
APPLICATION: CAS
WHEN: Wed Mar 05 11:47:57 CST 2014
CLIENT IP ADDRESS: 0:0:0:0:0:0:0:1%0
SERVER IP ADDRESS: 0:0:0:0:0:0:0:1%0
=============================================================


2014-03-05 11:48:17,475 INFO [org.jasig.cas.authentication.PolicyBasedAuthenticationManager] - AcceptUsersAuthenticationHandler successfully authenticated casuser+password
2014-03-05 11:48:17,475 INFO [org.jasig.cas.authentication.PolicyBasedAuthenticationManager] - Authenticated casuser with credentials [casuser+password].
2014-03-05 11:48:17,475 INFO [com.github.inspektr.audit.support.Slf4jLoggingAuditTrailManager] - Audit trail record BEGIN
=============================================================
WHO: audit:unknown
WHAT: supplied credentials: [casuser+password]
ACTION: AUTHENTICATION_SUCCESS
APPLICATION: CAS
WHEN: Wed Mar 05 11:48:17 CST 2014
CLIENT IP ADDRESS: 0:0:0:0:0:0:0:1%0
SERVER IP ADDRESS: 0:0:0:0:0:0:0:1%0
=============================================================


2014-03-05 11:48:17,476 INFO [com.github.inspektr.audit.support.Slf4jLoggingAuditTrailManager] - Audit trail record BEGIN
=============================================================
WHO: audit:unknown
WHAT: TGT-3-IFtbRcqeKcoPnt1rCbBdlFejoJEEPZHZEcWEpUZSK7YT7tFZEp-cas01.example.org
ACTION: TICKET_GRANTING_TICKET_CREATED
APPLICATION: CAS
WHEN: Wed Mar 05 11:48:17 CST 2014
CLIENT IP ADDRESS: 0:0:0:0:0:0:0:1%0
SERVER IP ADDRESS: 0:0:0:0:0:0:0:1%0
=============================================================


2014-03-05 11:48:20,861 INFO [com.github.inspektr.audit.support.Slf4jLoggingAuditTrailManager] - Audit trail record BEGIN
=============================================================
WHO: audit:unknown
WHAT: TGT-3-IFtbRcqeKcoPnt1rCbBdlFejoJEEPZHZEcWEpUZSK7YT7tFZEp-cas01.example.org
ACTION: TICKET_GRANTING_TICKET_DESTROYED
APPLICATION: CAS
WHEN: Wed Mar 05 11:48:20 CST 2014
CLIENT IP ADDRESS: 0:0:0:0:0:0:0:1%0
SERVER IP ADDRESS: 0:0:0:0:0:0:0:1%0
=============================================================


2014-03-05 11:49:24,444 INFO [org.jasig.cas.services.DefaultServicesManagerImpl] - Reloading registered services.
2014-03-05 11:49:24,458 INFO [org.jasig.cas.services.DefaultServicesManagerImpl] - Loaded 1 services.
2014-03-05 11:51:24,444 INFO [org.jasig.cas.services.DefaultServicesManagerImpl] - Reloading registered services.
2014-03-05 11:51:24,445 INFO [org.jasig.cas.services.DefaultServicesManagerImpl] - Loaded 1 services.
2014-03-05 11:53:24,443 INFO [org.jasig.cas.services.DefaultServicesManagerImpl] - Reloading registered services.
2014-03-05 11:53:24,443 INFO [org.jasig.cas.services.DefaultServicesManagerImpl] - Loaded 1 services.
2014-03-05 11:55:24,443 INFO [org.jasig.cas.services.DefaultServicesManagerImpl] - Reloading registered services.
2014-03-05 11:55:24,458 INFO [org.jasig.cas.services.DefaultServicesManagerImpl] - Loaded 1 services.
2014-03-05 11:57:24,444 INFO [org.jasig.cas.services.DefaultServicesManagerImpl] - Reloading registered services.
2014-03-05 11:57:24,456 INFO [org.jasig.cas.services.DefaultServicesManagerImpl] - Loaded 1 services.
2014-03-05 11:59:24,445 INFO [org.jasig.cas.services.DefaultServicesManagerImpl] - Reloading registered services.
2014-03-05 11:59:24,453 INFO [org.jasig.cas.services.DefaultServicesManagerImpl] - Loaded 1 services.
2014-03-05 12:01:24,443 INFO [org.jasig.cas.services.DefaultServicesManagerImpl] - Reloading registered services.
2014-03-05 12:01:24,451 INFO [org.jasig.cas.services.DefaultServicesManagerImpl] - Loaded 1 services.
2014-03-05 12:03:24,443 INFO [org.jasig.cas.services.DefaultServicesManagerImpl] - Reloading registered services.
2014-03-05 12:03:24,443 INFO [org.jasig.cas.services.DefaultServicesManagerImpl] - Loaded 1 services.
2014-03-05 12:05:24,445 INFO [org.jasig.cas.services.DefaultServicesManagerImpl] - Reloading registered services.
2014-03-05 12:05:24,445 INFO [org.jasig.cas.services.DefaultServicesManagerImpl] - Loaded 1 services.
2014-03-05 12:07:24,445 INFO [org.jasig.cas.services.DefaultServicesManagerImpl] - Reloading registered services.
2014-03-05 12:07:24,460 INFO [org.jasig.cas.services.DefaultServicesManagerImpl] - Loaded 1 services.
2014-03-05 12:09:24,445 INFO [org.jasig.cas.services.DefaultServicesManagerImpl] - Reloading registered services.
2014-03-05 12:09:24,457 INFO [org.jasig.cas.services.DefaultServicesManagerImpl] - Loaded 1 services.
2014-03-05 12:11:24,443 INFO [org.jasig.cas.services.DefaultServicesManagerImpl] - Reloading registered services.
2014-03-05 12:11:24,455 INFO [org.jasig.cas.services.DefaultServicesManagerImpl] - Loaded 1 services.
2014-03-05 12:13:24,444 INFO [org.jasig.cas.services.DefaultServicesManagerImpl] - Reloading registered services.
2014-03-05 12:13:24,461 INFO [org.jasig.cas.services.DefaultServicesManagerImpl] - Loaded 1 services.
2014-03-05 12:15:24,445 INFO [org.jasig.cas.services.DefaultServicesManagerImpl] - Reloading registered services.
2014-03-05 12:15:24,668 INFO [org.jasig.cas.services.DefaultServicesManagerImpl] - Loaded 1 services.
2014-03-05 12:17:24,444 INFO [org.jasig.cas.services.DefaultServicesManagerImpl] - Reloading registered services.
2014-03-05 12:17:24,456 INFO [org.jasig.cas.services.DefaultServicesManagerImpl] - Loaded 1 services.
2014-03-05 12:19:24,444 INFO [org.jasig.cas.services.DefaultServicesManagerImpl] - Reloading registered services.
2014-03-05 12:19:24,453 INFO [org.jasig.cas.services.DefaultServicesManagerImpl] - Loaded 1 services.
2014-03-05 12:21:24,444 INFO [org.jasig.cas.services.DefaultServicesManagerImpl] - Reloading registered services.
2014-03-05 12:21:24,451 INFO [org.jasig.cas.services.DefaultServicesManagerImpl] - Loaded 1 services.
2014-03-05 12:23:24,443 INFO [org.jasig.cas.services.DefaultServicesManagerImpl] - Reloading registered services.
2014-03-05 12:23:24,531 INFO [org.jasig.cas.services.DefaultServicesManagerImpl] - Loaded 1 services.
2014-03-05 12:25:24,443 INFO [org.jasig.cas.services.DefaultServicesManagerImpl] - Reloading registered services.
2014-03-05 12:25:24,462 INFO [org.jasig.cas.services.DefaultServicesManagerImpl] - Loaded 1 services.
2014-03-05 12:27:24,444 INFO [org.jasig.cas.services.DefaultServicesManagerImpl] - Reloading registered services.
2014-03-05 12:27:24,460 INFO [org.jasig.cas.services.DefaultServicesManagerImpl] - Loaded 1 services.
2014-03-05 12:29:24,463 INFO [org.jasig.cas.services.DefaultServicesManagerImpl] - Reloading registered services.
2014-03-05 12:29:24,474 INFO [org.jasig.cas.services.DefaultServicesManagerImpl] - Loaded 1 services.
2014-03-05 12:31:24,443 INFO [org.jasig.cas.services.DefaultServicesManagerImpl] - Reloading registered services.
2014-03-05 12:31:24,455 INFO [org.jasig.cas.services.DefaultServicesManagerImpl] - Loaded 1 services.
2014-03-05 12:33:24,445 INFO [org.jasig.cas.services.DefaultServicesManagerImpl] - Reloading registered services.
2014-03-05 12:33:24,461 INFO [org.jasig.cas.services.DefaultServicesManagerImpl] - Loaded 1 services.
2014-03-05 12:35:24,444 INFO [org.jasig.cas.services.DefaultServicesManagerImpl] - Reloading registered services.
2014-03-05 12:35:24,458 INFO [org.jasig.cas.services.DefaultServicesManagerImpl] - Loaded 1 services.
2014-03-05 12:37:24,444 INFO [org.jasig.cas.services.DefaultServicesManagerImpl] - Reloading registered services.
2014-03-05 12:37:24,447 INFO [org.jasig.cas.services.DefaultServicesManagerImpl] - Loaded 1 services.
2014-03-05 12:38:40,601 INFO [org.jasig.cas.util.AutowiringSchedulerFactoryBean] - Shutting down Quartz Scheduler
